[0.150s] DEBUG:colcon:Command line arguments: ['/usr/bin/colcon', 'build']
[0.150s] DEBUG:colcon:Parsed command line arguments: Namespace(log_base=None, log_level=None, verb_name='build', build_base='build', install_base='install', merge_install=False, symlink_install=False, test_result_base=None, continue_on_error=False, executor='parallel', parallel_workers=16, event_handlers=None, ignore_user_meta=False, metas=['./colcon.meta'], base_paths=['.'], packages_ignore=None, packages_ignore_regex=None, paths=None, packages_up_to=None, packages_up_to_regex=None, packages_above=None, packages_above_and_dependencies=None, packages_above_depth=None, packages_select_by_dep=None, packages_skip_by_dep=None, packages_skip_up_to=None, packages_select_build_failed=False, packages_skip_build_finished=False, packages_select_test_failures=False, packages_skip_test_passed=False, packages_select=None, packages_skip=None, packages_select_regex=None, packages_skip_regex=None, packages_start=None, packages_end=None, allow_overriding=[], cmake_args=None, cmake_target=None, cmake_target_skip_unavailable=False, cmake_clean_cache=False, cmake_clean_first=False, cmake_force_configure=False, ament_cmake_args=None, catkin_cmake_args=None, catkin_skip_building_tests=False, mixin_files=None, mixin=None, verb_parser=<colcon_mixin.mixin.mixin_argument.MixinArgumentDecorator object at 0x7f5a5e970b50>, verb_extension=<colcon_core.verb.build.BuildVerb object at 0x7f5a5ea7d1b0>, main=<bound method BuildVerb.main of <colcon_core.verb.build.BuildVerb object at 0x7f5a5ea7d1b0>>, mixin_verb=('build',))
[0.330s] Level 1:colcon.colcon_core.package_discovery:discover_packages(colcon_meta) check parameters
[0.330s] Level 1:colcon.colcon_core.package_discovery:discover_packages(recursive) check parameters
[0.330s] Level 1:colcon.colcon_core.package_discovery:discover_packages(ignore) check parameters
[0.330s] Level 1:colcon.colcon_core.package_discovery:discover_packages(path) check parameters
[0.330s] Level 1:colcon.colcon_core.package_discovery:discover_packages(colcon_meta) discover
[0.330s] Level 1:colcon.colcon_core.package_discovery:discover_packages(recursive) discover
[0.330s] INFO:colcon.colcon_core.package_discovery:Crawling recursively for packages in '/home/liam/f24_robotics_apriltag/f24_robotics_apriltag/group'
[0.330s] Level 1:colcon.colcon_core.package_identification:_identify(.) by extensions ['ignore', 'ignore_ament_install']
[0.330s] Level 1:colcon.colcon_core.package_identification:_identify(.) by extension 'ignore'
[0.330s] Level 1:colcon.colcon_core.package_identification:_identify(.) by extension 'ignore_ament_install'
[0.330s] Level 1:colcon.colcon_core.package_identification:_identify(.) by extensions ['colcon_pkg']
[0.331s] Level 1:colcon.colcon_core.package_identification:_identify(.) by extension 'colcon_pkg'
[0.331s] Level 1:colcon.colcon_core.package_identification:_identify(.) by extensions ['colcon_meta']
[0.331s] Level 1:colcon.colcon_core.package_identification:_identify(.) by extension 'colcon_meta'
[0.331s] Level 1:colcon.colcon_core.package_identification:_identify(.) by extensions ['ros']
[0.331s] Level 1:colcon.colcon_core.package_identification:_identify(.) by extension 'ros'
[0.341s] Level 1:colcon.colcon_core.package_identification:_identify(.) by extensions ['cmake', 'python']
[0.341s] Level 1:colcon.colcon_core.package_identification:_identify(.) by extension 'cmake'
[0.341s] Level 1:colcon.colcon_core.package_identification:_identify(.) by extension 'python'
[0.341s] Level 1:colcon.colcon_core.package_identification:_identify(.) by extensions ['python_setup_py']
[0.341s] Level 1:colcon.colcon_core.package_identification:_identify(.) by extension 'python_setup_py'
[0.341s] Level 1:colcon.colcon_core.package_identification:_identify(build) by extensions ['ignore', 'ignore_ament_install']
[0.341s] Level 1:colcon.colcon_core.package_identification:_identify(build) by extension 'ignore'
[0.342s] Level 1:colcon.colcon_core.package_identification:_identify(build) ignored
[0.342s] Level 1:colcon.colcon_core.package_identification:_identify(group) by extensions ['ignore', 'ignore_ament_install']
[0.342s] Level 1:colcon.colcon_core.package_identification:_identify(group) by extension 'ignore'
[0.342s] Level 1:colcon.colcon_core.package_identification:_identify(group) by extension 'ignore_ament_install'
[0.342s] Level 1:colcon.colcon_core.package_identification:_identify(group) by extensions ['colcon_pkg']
[0.342s] Level 1:colcon.colcon_core.package_identification:_identify(group) by extension 'colcon_pkg'
[0.342s] Level 1:colcon.colcon_core.package_identification:_identify(group) by extensions ['colcon_meta']
[0.342s] Level 1:colcon.colcon_core.package_identification:_identify(group) by extension 'colcon_meta'
[0.342s] Level 1:colcon.colcon_core.package_identification:_identify(group) by extensions ['ros']
[0.342s] Level 1:colcon.colcon_core.package_identification:_identify(group) by extension 'ros'
[0.344s] DEBUG:colcon.colcon_core.package_identification:Package 'group' with type 'ros.ament_python' and name 'group'
[0.344s] Level 1:colcon.colcon_core.package_identification:_identify(install) by extensions ['ignore', 'ignore_ament_install']
[0.345s] Level 1:colcon.colcon_core.package_identification:_identify(install) by extension 'ignore'
[0.345s] Level 1:colcon.colcon_core.package_identification:_identify(install) ignored
[0.345s] Level 1:colcon.colcon_core.package_identification:_identify(log) by extensions ['ignore', 'ignore_ament_install']
[0.345s] Level 1:colcon.colcon_core.package_identification:_identify(log) by extension 'ignore'
[0.345s] Level 1:colcon.colcon_core.package_identification:_identify(log) ignored
[0.345s] Level 1:colcon.colcon_core.package_discovery:discover_packages(recursive) using defaults
[0.345s] Level 1:colcon.colcon_core.package_discovery:discover_packages(ignore) discover
[0.345s] Level 1:colcon.colcon_core.package_discovery:discover_packages(ignore) using defaults
[0.345s] Level 1:colcon.colcon_core.package_discovery:discover_packages(path) discover
[0.345s] Level 1:colcon.colcon_core.package_discovery:discover_packages(path) using defaults
[0.373s] Level 1:colcon.colcon_core.package_discovery:discover_packages(prefix_path) check parameters
[0.373s] Level 1:colcon.colcon_core.package_discovery:discover_packages(prefix_path) discover
[0.375s] DEBUG:colcon.colcon_installed_package_information.package_discovery:Found 1 installed packages in /home/liam/f24_robotics_apriltag/f24_robotics_apriltag/group/install
[0.375s] DEBUG:colcon.colcon_installed_package_information.package_discovery:Found 1 installed packages in /home/liam/f24_robotics/install
[0.376s] DEBUG:colcon.colcon_installed_package_information.package_discovery:Found 14 installed packages in /home/liam/ros2_ws/install
[0.378s] DEBUG:colcon.colcon_installed_package_information.package_discovery:Found 405 installed packages in /opt/ros/humble
[0.380s] Level 1:colcon.colcon_core.package_discovery:discover_packages(prefix_path) using defaults
[0.431s] Level 5:colcon.colcon_core.verb:set package 'group' build argument 'cmake_args' from command line to 'None'
[0.432s] Level 5:colcon.colcon_core.verb:set package 'group' build argument 'cmake_target' from command line to 'None'
[0.432s] Level 5:colcon.colcon_core.verb:set package 'group' build argument 'cmake_target_skip_unavailable' from command line to 'False'
[0.432s] Level 5:colcon.colcon_core.verb:set package 'group' build argument 'cmake_clean_cache' from command line to 'False'
[0.432s] Level 5:colcon.colcon_core.verb:set package 'group' build argument 'cmake_clean_first' from command line to 'False'
[0.432s] Level 5:colcon.colcon_core.verb:set package 'group' build argument 'cmake_force_configure' from command line to 'False'
[0.432s] Level 5:colcon.colcon_core.verb:set package 'group' build argument 'ament_cmake_args' from command line to 'None'
[0.432s] Level 5:colcon.colcon_core.verb:set package 'group' build argument 'catkin_cmake_args' from command line to 'None'
[0.432s] Level 5:colcon.colcon_core.verb:set package 'group' build argument 'catkin_skip_building_tests' from command line to 'False'
[0.432s] DEBUG:colcon.colcon_core.verb:Building package 'group' with the following arguments: {'ament_cmake_args': None, 'build_base': '/home/liam/f24_robotics_apriltag/f24_robotics_apriltag/group/build/group', 'catkin_cmake_args': None, 'catkin_skip_building_tests': False, 'cmake_args': None, 'cmake_clean_cache': False, 'cmake_clean_first': False, 'cmake_force_configure': False, 'cmake_target': None, 'cmake_target_skip_unavailable': False, 'install_base': '/home/liam/f24_robotics_apriltag/f24_robotics_apriltag/group/install/group', 'merge_install': False, 'path': '/home/liam/f24_robotics_apriltag/f24_robotics_apriltag/group/group', 'symlink_install': False, 'test_result_base': None}
[0.432s] INFO:colcon.colcon_core.executor:Executing jobs using 'parallel' executor
[0.433s] DEBUG:colcon.colcon_parallel_executor.executor.parallel:run_until_complete
[0.433s] INFO:colcon.colcon_ros.task.ament_python.build:Building ROS package in '/home/liam/f24_robotics_apriltag/f24_robotics_apriltag/group/group' with build type 'ament_python'
[0.433s] Level 1:colcon.colcon_core.shell:create_environment_hook('group', 'ament_prefix_path')
[0.435s] INFO:colcon.colcon_core.plugin_system:Skipping extension 'colcon_core.shell.bat': Not used on non-Windows systems
[0.436s] INFO:colcon.colcon_core.shell:Creating environment hook '/home/liam/f24_robotics_apriltag/f24_robotics_apriltag/group/install/group/share/group/hook/ament_prefix_path.ps1'
[0.436s] INFO:colcon.colcon_core.shell:Creating environment descriptor '/home/liam/f24_robotics_apriltag/f24_robotics_apriltag/group/install/group/share/group/hook/ament_prefix_path.dsv'
[0.437s] INFO:colcon.colcon_core.shell:Creating environment hook '/home/liam/f24_robotics_apriltag/f24_robotics_apriltag/group/install/group/share/group/hook/ament_prefix_path.sh'
[0.437s] INFO:colcon.colcon_core.shell:Skip shell extension 'powershell' for command environment: Not usable outside of PowerShell
[0.437s] DEBUG:colcon.colcon_core.shell:Skip shell extension 'dsv' for command environment
[0.918s] INFO:colcon.colcon_core.task.python.build:Building Python package in '/home/liam/f24_robotics_apriltag/f24_robotics_apriltag/group/group'
[0.919s] INFO:colcon.colcon_core.shell:Skip shell extension 'powershell' for command environment: Not usable outside of PowerShell
[0.919s] DEBUG:colcon.colcon_core.shell:Skip shell extension 'dsv' for command environment
[1.496s] DEBUG:colcon.colcon_core.event_handler.log_command:Invoking command in '/home/liam/f24_robotics_apriltag/f24_robotics_apriltag/group/group': PYTHONPATH=/home/liam/f24_robotics_apriltag/f24_robotics_apriltag/group/build/group/prefix_override:/usr/lib/python3/dist-packages/colcon_core/task/python/colcon_distutils_commands:/home/liam/f24_robotics_apriltag/f24_robotics_apriltag/group/install/group/lib/python3.10/site-packages:${PYTHONPATH} /usr/bin/python3 -W ignore:setup.py install is deprecated setup.py egg_info --egg-base ../build/group build --build-base /home/liam/f24_robotics_apriltag/f24_robotics_apriltag/group/build/group/build install --record /home/liam/f24_robotics_apriltag/f24_robotics_apriltag/group/build/group/install.log --single-version-externally-managed install_data
[1.846s] DEBUG:colcon.colcon_core.event_handler.log_command:Invoked command in '/home/liam/f24_robotics_apriltag/f24_robotics_apriltag/group/group' returned '0': PYTHONPATH=/home/liam/f24_robotics_apriltag/f24_robotics_apriltag/group/build/group/prefix_override:/usr/lib/python3/dist-packages/colcon_core/task/python/colcon_distutils_commands:/home/liam/f24_robotics_apriltag/f24_robotics_apriltag/group/install/group/lib/python3.10/site-packages:${PYTHONPATH} /usr/bin/python3 -W ignore:setup.py install is deprecated setup.py egg_info --egg-base ../build/group build --build-base /home/liam/f24_robotics_apriltag/f24_robotics_apriltag/group/build/group/build install --record /home/liam/f24_robotics_apriltag/f24_robotics_apriltag/group/build/group/install.log --single-version-externally-managed install_data
[1.849s] Level 1:colcon.colcon_core.environment:checking '/home/liam/f24_robotics_apriltag/f24_robotics_apriltag/group/install/group' for CMake module files
[1.849s] Level 1:colcon.colcon_core.environment:checking '/home/liam/f24_robotics_apriltag/f24_robotics_apriltag/group/install/group' for CMake config files
[1.850s] Level 1:colcon.colcon_core.environment:checking '/home/liam/f24_robotics_apriltag/f24_robotics_apriltag/group/install/group/lib'
[1.850s] Level 1:colcon.colcon_core.environment:checking '/home/liam/f24_robotics_apriltag/f24_robotics_apriltag/group/install/group/bin'
[1.850s] Level 1:colcon.colcon_core.environment:checking '/home/liam/f24_robotics_apriltag/f24_robotics_apriltag/group/install/group/lib/pkgconfig/group.pc'
[1.851s] Level 1:colcon.colcon_core.environment:checking '/home/liam/f24_robotics_apriltag/f24_robotics_apriltag/group/install/group/lib/python3.10/site-packages'
[1.851s] Level 1:colcon.colcon_core.shell:create_environment_hook('group', 'pythonpath')
[1.851s] INFO:colcon.colcon_core.shell:Creating environment hook '/home/liam/f24_robotics_apriltag/f24_robotics_apriltag/group/install/group/share/group/hook/pythonpath.ps1'
[1.851s] INFO:colcon.colcon_core.shell:Creating environment descriptor '/home/liam/f24_robotics_apriltag/f24_robotics_apriltag/group/install/group/share/group/hook/pythonpath.dsv'
[1.852s] INFO:colcon.colcon_core.shell:Creating environment hook '/home/liam/f24_robotics_apriltag/f24_robotics_apriltag/group/install/group/share/group/hook/pythonpath.sh'
[1.852s] Level 1:colcon.colcon_core.environment:checking '/home/liam/f24_robotics_apriltag/f24_robotics_apriltag/group/install/group/bin'
[1.852s] Level 1:colcon.colcon_core.environment:create_environment_scripts_only(group)
[1.853s] INFO:colcon.colcon_core.shell:Creating package script '/home/liam/f24_robotics_apriltag/f24_robotics_apriltag/group/install/group/share/group/package.ps1'
[1.853s] INFO:colcon.colcon_core.shell:Creating package descriptor '/home/liam/f24_robotics_apriltag/f24_robotics_apriltag/group/install/group/share/group/package.dsv'
[1.854s] INFO:colcon.colcon_core.shell:Creating package script '/home/liam/f24_robotics_apriltag/f24_robotics_apriltag/group/install/group/share/group/package.sh'
[1.855s] INFO:colcon.colcon_core.shell:Creating package script '/home/liam/f24_robotics_apriltag/f24_robotics_apriltag/group/install/group/share/group/package.bash'
[1.855s] INFO:colcon.colcon_core.shell:Creating package script '/home/liam/f24_robotics_apriltag/f24_robotics_apriltag/group/install/group/share/group/package.zsh'
[1.856s] Level 1:colcon.colcon_core.environment:create_file_with_runtime_dependencies(/home/liam/f24_robotics_apriltag/f24_robotics_apriltag/group/install/group/share/colcon-core/packages/group)
[1.856s] DEBUG:colcon.colcon_parallel_executor.executor.parallel:closing loop
[1.857s] DEBUG:colcon.colcon_parallel_executor.executor.parallel:loop closed
[1.857s] DEBUG:colcon.colcon_parallel_executor.executor.parallel:run_until_complete finished with '0'
[1.857s] DEBUG:colcon.colcon_core.event_reactor:joining thread
[1.862s] INFO:colcon.colcon_core.plugin_system:Skipping extension 'colcon_notification.desktop_notification.terminal_notifier': Not used on non-Darwin systems
[1.862s] INFO:colcon.colcon_core.plugin_system:Skipping extension 'colcon_notification.desktop_notification.win32': Not used on non-Windows systems
[1.862s] INFO:colcon.colcon_notification.desktop_notification:Sending desktop notification using 'notify2'
[1.880s] DEBUG:colcon.colcon_core.event_reactor:joined thread
[1.880s] INFO:colcon.colcon_core.shell:Creating prefix script '/home/liam/f24_robotics_apriltag/f24_robotics_apriltag/group/install/local_setup.ps1'
[1.882s] INFO:colcon.colcon_core.shell:Creating prefix util module '/home/liam/f24_robotics_apriltag/f24_robotics_apriltag/group/install/_local_setup_util_ps1.py'
[1.884s] INFO:colcon.colcon_core.shell:Creating prefix chain script '/home/liam/f24_robotics_apriltag/f24_robotics_apriltag/group/install/setup.ps1'
[1.887s] INFO:colcon.colcon_core.shell:Creating prefix script '/home/liam/f24_robotics_apriltag/f24_robotics_apriltag/group/install/local_setup.sh'
[1.888s] INFO:colcon.colcon_core.shell:Creating prefix util module '/home/liam/f24_robotics_apriltag/f24_robotics_apriltag/group/install/_local_setup_util_sh.py'
[1.889s] INFO:colcon.colcon_core.shell:Creating prefix chain script '/home/liam/f24_robotics_apriltag/f24_robotics_apriltag/group/install/setup.sh'
[1.893s] INFO:colcon.colcon_core.shell:Creating prefix script '/home/liam/f24_robotics_apriltag/f24_robotics_apriltag/group/install/local_setup.bash'
[1.894s] INFO:colcon.colcon_core.shell:Creating prefix chain script '/home/liam/f24_robotics_apriltag/f24_robotics_apriltag/group/install/setup.bash'
[1.898s] INFO:colcon.colcon_core.shell:Creating prefix script '/home/liam/f24_robotics_apriltag/f24_robotics_apriltag/group/install/local_setup.zsh'
[1.899s] INFO:colcon.colcon_core.shell:Creating prefix chain script '/home/liam/f24_robotics_apriltag/f24_robotics_apriltag/group/install/setup.zsh'
